        -:    0:Source:/home/federico/Scrivania/SLIDE-x-Repository/SLIDE-x/SLIDE-x-BENCH/KERNEL/mergesort/frst.c
        -:    0:Graph:frst.gcno
        -:    0:Data:frst.gcda
        -:    0:Runs:1
        -:    1:#include <stdint.h>
        -:    2:#include <values.h>
        -:    3:
        -:    4:typedef uint8_t TARGET_INDEX;
        -:    5:typedef double TARGET_TYPE;
        -:    6:
function merge called 8 returned 100% blocks executed 100%
        8:    7:void merge(TARGET_INDEX left, TARGET_INDEX right, TARGET_INDEX middle)
        -:    8:{
        -:    9:	// Indexes
        8:   10:	TARGET_INDEX i, j, k = 0;
        8:   11:	TARGET_INDEX i1 = middle - left + 1;
        8:   12:	TARGET_INDEX i2 = right - middle;
        -:   13:
        -:   14:	// Temporary Arrays
        8:   15:	TARGET_TYPE x[size], y[size] = {0};
        -:   16:
        -:   17:	// Copy elements in the temporary arrays x, y
       24:   18:	for(i = 0; i < i1; i++)
unconditional  0 taken 8
branch  1 taken 16
branch  2 taken 8 (fallthrough)
       16:   19:		x[i] = a[left + i];
unconditional  0 taken 16
        -:   20:
       21:   21:	for(i = 0; i < i2; i++)
unconditional  0 taken 8
branch  1 taken 13
branch  2 taken 8 (fallthrough)
       13:   22:		y[i] = a[middle + 1 + i];
unconditional  0 taken 13
        -:   23:	
        8:   24:	i = 0;
        8:   25:	j = 0;
        8:   26:	k = left;
       27:   27:	while(i < i1 && j < i2)
unconditional  0 taken 8
branch  1 taken 22 (fallthrough)
branch  2 taken 5
branch  3 taken 19
branch  4 taken 3 (fallthrough)
        -:   28:	{		
       19:   29:		if(x[i] <= y[j])
branch  0 taken 12 (fallthrough)
branch  1 taken 7
       12:   30:			a[k] = x[i++];
unconditional  0 taken 12
        -:   31:		else
        7:   32:			a[k] = y[j++];
unconditional  0 taken 7
        -:   33:
       19:   34:		k += 1;
unconditional  0 taken 19
        -:   35:	}
        -:   36:	
       12:   37:	while(i < i1)
unconditional  0 taken 8
branch  1 taken 4
branch  2 taken 8 (fallthrough)
        -:   38:	{
        4:   39:		a[k] = x[i];
        4:   40:		i++;
        4:   41:		k++;
unconditional  0 taken 4
        -:   42:	}
        -:   43:	
       14:   44:	while(j < i2)
unconditional  0 taken 8
branch  1 taken 6
branch  2 taken 8 (fallthrough)
        -:   45:	{
        6:   46:		a[k] = y[j];
        6:   47:		j++;
        6:   48:		k++;
unconditional  0 taken 6
        -:   49:	}
        8:   50:}
        -:   51:
function mergesort_0 called 17 returned 100% blocks executed 100%
       17:   52:void mergesort_0(TARGET_INDEX left, TARGET_INDEX right)
        -:   53:{
       17:   54:	if(left < right)
branch  0 taken 8 (fallthrough)
branch  1 taken 9
        -:   55:	{
        8:   56:		TARGET_INDEX middle = left+(right-left)/2;
        -:   57:
        8:   58:		mergesort_0(left, middle);
call    0 returned 8
        8:   59:		mergesort_0(middle+1, right);
call    0 returned 8
        -:   60:
        8:   61:		merge(left, right, middle);
call    0 returned 8
unconditional  1 taken 8
        -:   62:	}
       17:   63:}
        -:   64:
function mergesort called 1 returned 100% blocks executed 100%
        1:   65:void mergesort()
        -:   66:{
        1:   67:	mergesort_0(0, size-1);
call    0 returned 1
        1:   68:}
        -:   69:
function main called 1 returned 100% blocks executed 100%
        1:   70:void main()
        -:   71:{
        1:   72:	mergesort();
call    0 returned 1
        1:   73:}
