        -:    0:Source:/home/federico/Scrivania/SLIDE-x-Repository/SLIDE-x/SLIDE-x-BENCH/KERNEL/mergesort/frst.c
        -:    0:Graph:frst.gcno
        -:    0:Data:frst.gcda
        -:    0:Runs:1
        -:    1:#include <stdint.h>
        -:    2:#include <values.h>
        -:    3:
        -:    4:typedef uint8_t TARGET_INDEX;
        -:    5:typedef double TARGET_TYPE;
        -:    6:
function merge called 16 returned 100% blocks executed 100%
       16:    7:void merge(TARGET_INDEX left, TARGET_INDEX right, TARGET_INDEX middle)
        -:    8:{
        -:    9:	// Indexes
       16:   10:	TARGET_INDEX i, j, k = 0;
       16:   11:	TARGET_INDEX i1 = middle - left + 1;
       16:   12:	TARGET_INDEX i2 = right - middle;
        -:   13:
        -:   14:	// Temporary Arrays
       16:   15:	TARGET_TYPE x[size], y[size] = {0};
        -:   16:
        -:   17:	// Copy elements in the temporary arrays x, y
       53:   18:	for(i = 0; i < i1; i++)
unconditional  0 taken 16
branch  1 taken 37
branch  2 taken 16 (fallthrough)
       37:   19:		x[i] = a[left + i];
unconditional  0 taken 37
        -:   20:
       49:   21:	for(i = 0; i < i2; i++)
unconditional  0 taken 16
branch  1 taken 33
branch  2 taken 16 (fallthrough)
       33:   22:		y[i] = a[middle + 1 + i];
unconditional  0 taken 33
        -:   23:	
       16:   24:	i = 0;
       16:   25:	j = 0;
       16:   26:	k = left;
       69:   27:	while(i < i1 && j < i2)
unconditional  0 taken 16
branch  1 taken 59 (fallthrough)
branch  2 taken 10
branch  3 taken 53
branch  4 taken 6 (fallthrough)
        -:   28:	{		
       53:   29:		if(x[i] <= y[j])
branch  0 taken 31 (fallthrough)
branch  1 taken 22
       31:   30:			a[k] = x[i++];
unconditional  0 taken 31
        -:   31:		else
       22:   32:			a[k] = y[j++];
unconditional  0 taken 22
        -:   33:
       53:   34:		k += 1;
unconditional  0 taken 53
        -:   35:	}
        -:   36:	
       22:   37:	while(i < i1)
unconditional  0 taken 16
branch  1 taken 6
branch  2 taken 16 (fallthrough)
        -:   38:	{
        6:   39:		a[k] = x[i];
        6:   40:		i++;
        6:   41:		k++;
unconditional  0 taken 6
        -:   42:	}
        -:   43:	
       27:   44:	while(j < i2)
unconditional  0 taken 16
branch  1 taken 11
branch  2 taken 16 (fallthrough)
        -:   45:	{
       11:   46:		a[k] = y[j];
       11:   47:		j++;
       11:   48:		k++;
unconditional  0 taken 11
        -:   49:	}
       16:   50:}
        -:   51:
function mergesort_0 called 33 returned 100% blocks executed 100%
       33:   52:void mergesort_0(TARGET_INDEX left, TARGET_INDEX right)
        -:   53:{
       33:   54:	if(left < right)
branch  0 taken 16 (fallthrough)
branch  1 taken 17
        -:   55:	{
       16:   56:		TARGET_INDEX middle = left+(right-left)/2;
        -:   57:
       16:   58:		mergesort_0(left, middle);
call    0 returned 16
       16:   59:		mergesort_0(middle+1, right);
call    0 returned 16
        -:   60:
       16:   61:		merge(left, right, middle);
call    0 returned 16
unconditional  1 taken 16
        -:   62:	}
       33:   63:}
        -:   64:
function mergesort called 1 returned 100% blocks executed 100%
        1:   65:void mergesort()
        -:   66:{
        1:   67:	mergesort_0(0, size-1);
call    0 returned 1
        1:   68:}
        -:   69:
function main called 1 returned 100% blocks executed 100%
        1:   70:void main()
        -:   71:{
        1:   72:	mergesort();
call    0 returned 1
        1:   73:}
