        -:    0:Source:/home/federico/Scrivania/SLIDE-x-Repository/SLIDE-x/SLIDE-x-BENCH/KERNEL/mergesort/frst.c
        -:    0:Graph:frst.gcno
        -:    0:Data:frst.gcda
        -:    0:Runs:1
        -:    1:#include <stdint.h>
        -:    2:#include <values.h>
        -:    3:
        -:    4:typedef uint8_t TARGET_INDEX;
        -:    5:typedef double TARGET_TYPE;
        -:    6:
function merge called 4 returned 100% blocks executed 100%
        4:    7:void merge(TARGET_INDEX left, TARGET_INDEX right, TARGET_INDEX middle)
        -:    8:{
        -:    9:	// Indexes
        4:   10:	TARGET_INDEX i, j, k = 0;
        4:   11:	TARGET_INDEX i1 = middle - left + 1;
        4:   12:	TARGET_INDEX i2 = right - middle;
        -:   13:
        -:   14:	// Temporary Arrays
        4:   15:	TARGET_TYPE x[size], y[size] = {0};
        -:   16:
        -:   17:	// Copy elements in the temporary arrays x, y
       11:   18:	for(i = 0; i < i1; i++)
unconditional  0 taken 4
branch  1 taken 7
branch  2 taken 4 (fallthrough)
        7:   19:		x[i] = a[left + i];
unconditional  0 taken 7
        -:   20:
        9:   21:	for(i = 0; i < i2; i++)
unconditional  0 taken 4
branch  1 taken 5
branch  2 taken 4 (fallthrough)
        5:   22:		y[i] = a[middle + 1 + i];
unconditional  0 taken 5
        -:   23:	
        4:   24:	i = 0;
        4:   25:	j = 0;
        4:   26:	k = left;
       11:   27:	while(i < i1 && j < i2)
unconditional  0 taken 4
branch  1 taken 9 (fallthrough)
branch  2 taken 2
branch  3 taken 7
branch  4 taken 2 (fallthrough)
        -:   28:	{		
        7:   29:		if(x[i] <= y[j])
branch  0 taken 4 (fallthrough)
branch  1 taken 3
        4:   30:			a[k] = x[i++];
unconditional  0 taken 4
        -:   31:		else
        3:   32:			a[k] = y[j++];
unconditional  0 taken 3
        -:   33:
        7:   34:		k += 1;
unconditional  0 taken 7
        -:   35:	}
        -:   36:	
        7:   37:	while(i < i1)
unconditional  0 taken 4
branch  1 taken 3
branch  2 taken 4 (fallthrough)
        -:   38:	{
        3:   39:		a[k] = x[i];
        3:   40:		i++;
        3:   41:		k++;
unconditional  0 taken 3
        -:   42:	}
        -:   43:	
        6:   44:	while(j < i2)
unconditional  0 taken 4
branch  1 taken 2
branch  2 taken 4 (fallthrough)
        -:   45:	{
        2:   46:		a[k] = y[j];
        2:   47:		j++;
        2:   48:		k++;
unconditional  0 taken 2
        -:   49:	}
        4:   50:}
        -:   51:
function mergesort_0 called 9 returned 100% blocks executed 100%
        9:   52:void mergesort_0(TARGET_INDEX left, TARGET_INDEX right)
        -:   53:{
        9:   54:	if(left < right)
branch  0 taken 4 (fallthrough)
branch  1 taken 5
        -:   55:	{
        4:   56:		TARGET_INDEX middle = left+(right-left)/2;
        -:   57:
        4:   58:		mergesort_0(left, middle);
call    0 returned 4
        4:   59:		mergesort_0(middle+1, right);
call    0 returned 4
        -:   60:
        4:   61:		merge(left, right, middle);
call    0 returned 4
unconditional  1 taken 4
        -:   62:	}
        9:   63:}
        -:   64:
function mergesort called 1 returned 100% blocks executed 100%
        1:   65:void mergesort()
        -:   66:{
        1:   67:	mergesort_0(0, size-1);
call    0 returned 1
        1:   68:}
        -:   69:
function main called 1 returned 100% blocks executed 100%
        1:   70:void main()
        -:   71:{
        1:   72:	mergesort();
call    0 returned 1
        1:   73:}
