        -:    0:Source:/home/federico/Scrivania/SLIDE-x-Repository/SLIDE-x/SLIDE-x-BENCH/KERNEL/mergesort/frst.c
        -:    0:Graph:frst.gcno
        -:    0:Data:frst.gcda
        -:    0:Runs:1
        -:    1:#include <stdint.h>
        -:    2:#include <values.h>
        -:    3:
        -:    4:typedef uint8_t TARGET_INDEX;
        -:    5:typedef double TARGET_TYPE;
        -:    6:
function merge called 26 returned 100% blocks executed 100%
       26:    7:void merge(TARGET_INDEX left, TARGET_INDEX right, TARGET_INDEX middle)
        -:    8:{
        -:    9:	// Indexes
       26:   10:	TARGET_INDEX i, j, k = 0;
       26:   11:	TARGET_INDEX i1 = middle - left + 1;
       26:   12:	TARGET_INDEX i2 = right - middle;
        -:   13:
        -:   14:	// Temporary Arrays
       26:   15:	TARGET_TYPE x[size], y[size] = {0};
        -:   16:
        -:   17:	// Copy elements in the temporary arrays x, y
       96:   18:	for(i = 0; i < i1; i++)
unconditional  0 taken 26
branch  1 taken 70
branch  2 taken 26 (fallthrough)
       70:   19:		x[i] = a[left + i];
unconditional  0 taken 70
        -:   20:
       86:   21:	for(i = 0; i < i2; i++)
unconditional  0 taken 26
branch  1 taken 60
branch  2 taken 26 (fallthrough)
       60:   22:		y[i] = a[middle + 1 + i];
unconditional  0 taken 60
        -:   23:	
       26:   24:	i = 0;
       26:   25:	j = 0;
       26:   26:	k = left;
      122:   27:	while(i < i1 && j < i2)
unconditional  0 taken 26
branch  1 taken 109 (fallthrough)
branch  2 taken 13
branch  3 taken 96
branch  4 taken 13 (fallthrough)
        -:   28:	{		
       96:   29:		if(x[i] <= y[j])
branch  0 taken 52 (fallthrough)
branch  1 taken 44
       52:   30:			a[k] = x[i++];
unconditional  0 taken 52
        -:   31:		else
       44:   32:			a[k] = y[j++];
unconditional  0 taken 44
        -:   33:
       96:   34:		k += 1;
unconditional  0 taken 96
        -:   35:	}
        -:   36:	
       44:   37:	while(i < i1)
unconditional  0 taken 26
branch  1 taken 18
branch  2 taken 26 (fallthrough)
        -:   38:	{
       18:   39:		a[k] = x[i];
       18:   40:		i++;
       18:   41:		k++;
unconditional  0 taken 18
        -:   42:	}
        -:   43:	
       42:   44:	while(j < i2)
unconditional  0 taken 26
branch  1 taken 16
branch  2 taken 26 (fallthrough)
        -:   45:	{
       16:   46:		a[k] = y[j];
       16:   47:		j++;
       16:   48:		k++;
unconditional  0 taken 16
        -:   49:	}
       26:   50:}
        -:   51:
function mergesort_0 called 53 returned 100% blocks executed 100%
       53:   52:void mergesort_0(TARGET_INDEX left, TARGET_INDEX right)
        -:   53:{
       53:   54:	if(left < right)
branch  0 taken 26 (fallthrough)
branch  1 taken 27
        -:   55:	{
       26:   56:		TARGET_INDEX middle = left+(right-left)/2;
        -:   57:
       26:   58:		mergesort_0(left, middle);
call    0 returned 26
       26:   59:		mergesort_0(middle+1, right);
call    0 returned 26
        -:   60:
       26:   61:		merge(left, right, middle);
call    0 returned 26
unconditional  1 taken 26
        -:   62:	}
       53:   63:}
        -:   64:
function mergesort called 1 returned 100% blocks executed 100%
        1:   65:void mergesort()
        -:   66:{
        1:   67:	mergesort_0(0, size-1);
call    0 returned 1
        1:   68:}
        -:   69:
function main called 1 returned 100% blocks executed 100%
        1:   70:void main()
        -:   71:{
        1:   72:	mergesort();
call    0 returned 1
        1:   73:}
