        -:    0:Source:/home/federico/Scrivania/SLIDE-x-Repository/SLIDE-x/SLIDE-x-BENCH/KERNEL/bfs/frst.c
        -:    0:Graph:frst.gcno
        -:    0:Data:frst.gcda
        -:    0:Runs:1
        -:    1:#include <stdint.h>
        -:    2:#include <values.h>
        -:    3:
        -:    4:typedef double TARGET_TYPE;
        -:    5:typedef uint8_t TARGET_INDEX;
        -:    6:
        -:    7:TARGET_INDEX current, i, tail, head = 0;
        -:    8:TARGET_TYPE visited[size];
        -:    9:
function enqueue called 10 returned 100% blocks executed 100%
       10:   10:void enqueue(TARGET_TYPE par)
        -:   11:{
       10:   12:	if((tail-head) != size-1)
branch  0 taken 10 (fallthrough)
branch  1 taken 0
        -:   13:	{
       10:   14:		visited[tail] = par;
       10:   15:		tail = (tail+1) % size;
unconditional  0 taken 10
        -:   16:	}
       10:   17:}
        -:   18:
function dequeue called 10 returned 100% blocks executed 100%
       10:   19:TARGET_TYPE dequeue()
        -:   20:{
       10:   21:	TARGET_TYPE element = 0;
        -:   22:
       10:   23:	if(head != tail)
branch  0 taken 10 (fallthrough)
branch  1 taken 0
        -:   24:	{	
       10:   25:		element = visited[head];
       10:   26:		head = (head+1) % size;
unconditional  0 taken 10
        -:   27:	}
        -:   28:
       10:   29:	return element;
unconditional  0 taken 10
        -:   30:}
        -:   31:
function clean_input called 0 returned 0% blocks executed 0%
    #####:   32:void clean_input()
        -:   33:{
    #####:   34:	head, tail = 0;
        -:   35:
    #####:   36:	for(i = 0; i < size; i++) {
unconditional  0 never executed
branch  1 never executed
branch  2 never executed
    #####:   37:		visited[i] = 0;
    #####:   38:		a[i][i] = -1;
unconditional  0 never executed
        -:   39:	}
    #####:   40:}
        -:   41:
function bfs called 1 returned 100% blocks executed 100%
        1:   42:void bfs()
        -:   43:{
        -:   44:	/* 
        -:   45:	 * We store a -1 in a[node][node] position to indicate that a node has been already visited
        -:   46:	 */
        -:   47:
        1:   48:	a[0][0] = -2;
        1:   49:	enqueue(0);
call    0 returned 1
        -:   50:
       11:   51:	while(head != tail)
unconditional  0 taken 1
branch  1 taken 10
branch  2 taken 1 (fallthrough)
        -:   52:	{
       10:   53:		current = dequeue();
call    0 returned 10
      110:   54:		for(i  = 0; i < size; i++)
unconditional  0 taken 10
unconditional  1 taken 100
branch  2 taken 100
branch  3 taken 10 (fallthrough)
        -:   55:		{	
      100:   56:			if(a[i][i] != -2 && a[current][i] > 0)	
branch  0 taken 12 (fallthrough)
branch  1 taken 88
branch  2 taken 9 (fallthrough)
branch  3 taken 3
        -:   57:			{
        9:   58:				enqueue(i);
call    0 returned 9
        9:   59:				a[i][i] =  -2;
unconditional  0 taken 9
        -:   60:			}
        -:   61:		}
        -:   62:	}
        1:   63:}
        -:   64:
function main called 1 returned 100% blocks executed 100%
        1:   65:void main()
        -:   66:{
        -:   67:	// clean_input();
        1:   68:	bfs();
call    0 returned 1
        1:   69:}
