        -:    0:Source:/home/federico/Scrivania/SLIDE-x-Repository/SLIDE-x/SLIDE-x-BENCH/KERNEL/mergesort/frst.c
        -:    0:Graph:frst.gcno
        -:    0:Data:frst.gcda
        -:    0:Runs:1
        -:    1:#include <stdint.h>
        -:    2:#include <values.h>
        -:    3:
        -:    4:typedef uint8_t TARGET_INDEX;
        -:    5:typedef double TARGET_TYPE;
        -:    6:
function merge called 22 returned 100% blocks executed 100%
       22:    7:void merge(TARGET_INDEX left, TARGET_INDEX right, TARGET_INDEX middle)
        -:    8:{
        -:    9:	// Indexes
       22:   10:	TARGET_INDEX i, j, k = 0;
       22:   11:	TARGET_INDEX i1 = middle - left + 1;
       22:   12:	TARGET_INDEX i2 = right - middle;
        -:   13:
        -:   14:	// Temporary Arrays
       22:   15:	TARGET_TYPE x[size], y[size] = {0};
        -:   16:
        -:   17:	// Copy elements in the temporary arrays x, y
       80:   18:	for(i = 0; i < i1; i++)
unconditional  0 taken 22
branch  1 taken 58
branch  2 taken 22 (fallthrough)
       58:   19:		x[i] = a[left + i];
unconditional  0 taken 58
        -:   20:
       70:   21:	for(i = 0; i < i2; i++)
unconditional  0 taken 22
branch  1 taken 48
branch  2 taken 22 (fallthrough)
       48:   22:		y[i] = a[middle + 1 + i];
unconditional  0 taken 48
        -:   23:	
       22:   24:	i = 0;
       22:   25:	j = 0;
       22:   26:	k = left;
       99:   27:	while(i < i1 && j < i2)
unconditional  0 taken 22
branch  1 taken 90 (fallthrough)
branch  2 taken 9
branch  3 taken 77
branch  4 taken 13 (fallthrough)
        -:   28:	{		
       77:   29:		if(x[i] <= y[j])
branch  0 taken 41 (fallthrough)
branch  1 taken 36
       41:   30:			a[k] = x[i++];
unconditional  0 taken 41
        -:   31:		else
       36:   32:			a[k] = y[j++];
unconditional  0 taken 36
        -:   33:
       77:   34:		k += 1;
unconditional  0 taken 77
        -:   35:	}
        -:   36:	
       39:   37:	while(i < i1)
unconditional  0 taken 22
branch  1 taken 17
branch  2 taken 22 (fallthrough)
        -:   38:	{
       17:   39:		a[k] = x[i];
       17:   40:		i++;
       17:   41:		k++;
unconditional  0 taken 17
        -:   42:	}
        -:   43:	
       34:   44:	while(j < i2)
unconditional  0 taken 22
branch  1 taken 12
branch  2 taken 22 (fallthrough)
        -:   45:	{
       12:   46:		a[k] = y[j];
       12:   47:		j++;
       12:   48:		k++;
unconditional  0 taken 12
        -:   49:	}
       22:   50:}
        -:   51:
function mergesort_0 called 45 returned 100% blocks executed 100%
       45:   52:void mergesort_0(TARGET_INDEX left, TARGET_INDEX right)
        -:   53:{
       45:   54:	if(left < right)
branch  0 taken 22 (fallthrough)
branch  1 taken 23
        -:   55:	{
       22:   56:		TARGET_INDEX middle = left+(right-left)/2;
        -:   57:
       22:   58:		mergesort_0(left, middle);
call    0 returned 22
       22:   59:		mergesort_0(middle+1, right);
call    0 returned 22
        -:   60:
       22:   61:		merge(left, right, middle);
call    0 returned 22
unconditional  1 taken 22
        -:   62:	}
       45:   63:}
        -:   64:
function mergesort called 1 returned 100% blocks executed 100%
        1:   65:void mergesort()
        -:   66:{
        1:   67:	mergesort_0(0, size-1);
call    0 returned 1
        1:   68:}
        -:   69:
function main called 1 returned 100% blocks executed 100%
        1:   70:void main()
        -:   71:{
        1:   72:	mergesort();
call    0 returned 1
        1:   73:}
