        -:    0:Source:/home/federico/Scrivania/SLIDE-x-Repository/SLIDE-x/SLIDE-x-BENCH/KERNEL/mergesort/frst.c
        -:    0:Graph:frst.gcno
        -:    0:Data:frst.gcda
        -:    0:Runs:1
        -:    1:#include <stdint.h>
        -:    2:#include <values.h>
        -:    3:
        -:    4:typedef uint8_t TARGET_INDEX;
        -:    5:typedef double TARGET_TYPE;
        -:    6:
function merge called 24 returned 100% blocks executed 100%
       24:    7:void merge(TARGET_INDEX left, TARGET_INDEX right, TARGET_INDEX middle)
        -:    8:{
        -:    9:	// Indexes
       24:   10:	TARGET_INDEX i, j, k = 0;
       24:   11:	TARGET_INDEX i1 = middle - left + 1;
       24:   12:	TARGET_INDEX i2 = right - middle;
        -:   13:
        -:   14:	// Temporary Arrays
       24:   15:	TARGET_TYPE x[size], y[size] = {0};
        -:   16:
        -:   17:	// Copy elements in the temporary arrays x, y
       88:   18:	for(i = 0; i < i1; i++)
unconditional  0 taken 24
branch  1 taken 64
branch  2 taken 24 (fallthrough)
       64:   19:		x[i] = a[left + i];
unconditional  0 taken 64
        -:   20:
       78:   21:	for(i = 0; i < i2; i++)
unconditional  0 taken 24
branch  1 taken 54
branch  2 taken 24 (fallthrough)
       54:   22:		y[i] = a[middle + 1 + i];
unconditional  0 taken 54
        -:   23:	
       24:   24:	i = 0;
       24:   25:	j = 0;
       24:   26:	k = left;
      112:   27:	while(i < i1 && j < i2)
unconditional  0 taken 24
branch  1 taken 100 (fallthrough)
branch  2 taken 12
branch  3 taken 88
branch  4 taken 12 (fallthrough)
        -:   28:	{		
       88:   29:		if(x[i] <= y[j])
branch  0 taken 47 (fallthrough)
branch  1 taken 41
       47:   30:			a[k] = x[i++];
unconditional  0 taken 47
        -:   31:		else
       41:   32:			a[k] = y[j++];
unconditional  0 taken 41
        -:   33:
       88:   34:		k += 1;
unconditional  0 taken 88
        -:   35:	}
        -:   36:	
       41:   37:	while(i < i1)
unconditional  0 taken 24
branch  1 taken 17
branch  2 taken 24 (fallthrough)
        -:   38:	{
       17:   39:		a[k] = x[i];
       17:   40:		i++;
       17:   41:		k++;
unconditional  0 taken 17
        -:   42:	}
        -:   43:	
       37:   44:	while(j < i2)
unconditional  0 taken 24
branch  1 taken 13
branch  2 taken 24 (fallthrough)
        -:   45:	{
       13:   46:		a[k] = y[j];
       13:   47:		j++;
       13:   48:		k++;
unconditional  0 taken 13
        -:   49:	}
       24:   50:}
        -:   51:
function mergesort_0 called 49 returned 100% blocks executed 100%
       49:   52:void mergesort_0(TARGET_INDEX left, TARGET_INDEX right)
        -:   53:{
       49:   54:	if(left < right)
branch  0 taken 24 (fallthrough)
branch  1 taken 25
        -:   55:	{
       24:   56:		TARGET_INDEX middle = left+(right-left)/2;
        -:   57:
       24:   58:		mergesort_0(left, middle);
call    0 returned 24
       24:   59:		mergesort_0(middle+1, right);
call    0 returned 24
        -:   60:
       24:   61:		merge(left, right, middle);
call    0 returned 24
unconditional  1 taken 24
        -:   62:	}
       49:   63:}
        -:   64:
function mergesort called 1 returned 100% blocks executed 100%
        1:   65:void mergesort()
        -:   66:{
        1:   67:	mergesort_0(0, size-1);
call    0 returned 1
        1:   68:}
        -:   69:
function main called 1 returned 100% blocks executed 100%
        1:   70:void main()
        -:   71:{
        1:   72:	mergesort();
call    0 returned 1
        1:   73:}
