        -:    0:Source:/home/federico/Scrivania/SLIDE-x-Repository/SLIDE-x/SLIDE-x-BENCH/KERNEL/mergesort/frst.c
        -:    0:Graph:frst.gcno
        -:    0:Data:frst.gcda
        -:    0:Runs:1
        -:    1:#include <stdint.h>
        -:    2:#include <values.h>
        -:    3:
        -:    4:typedef uint8_t TARGET_INDEX;
        -:    5:typedef double TARGET_TYPE;
        -:    6:
function merge called 31 returned 100% blocks executed 100%
       31:    7:void merge(TARGET_INDEX left, TARGET_INDEX right, TARGET_INDEX middle)
        -:    8:{
        -:    9:	// Indexes
       31:   10:	TARGET_INDEX i, j, k = 0;
       31:   11:	TARGET_INDEX i1 = middle - left + 1;
       31:   12:	TARGET_INDEX i2 = right - middle;
        -:   13:
        -:   14:	// Temporary Arrays
       31:   15:	TARGET_TYPE x[size], y[size] = {0};
        -:   16:
        -:   17:	// Copy elements in the temporary arrays x, y
      111:   18:	for(i = 0; i < i1; i++)
unconditional  0 taken 31
branch  1 taken 80
branch  2 taken 31 (fallthrough)
       80:   19:		x[i] = a[left + i];
unconditional  0 taken 80
        -:   20:
      111:   21:	for(i = 0; i < i2; i++)
unconditional  0 taken 31
branch  1 taken 80
branch  2 taken 31 (fallthrough)
       80:   22:		y[i] = a[middle + 1 + i];
unconditional  0 taken 80
        -:   23:	
       31:   24:	i = 0;
       31:   25:	j = 0;
       31:   26:	k = left;
      158:   27:	while(i < i1 && j < i2)
unconditional  0 taken 31
branch  1 taken 139 (fallthrough)
branch  2 taken 19
branch  3 taken 127
branch  4 taken 12 (fallthrough)
        -:   28:	{		
      127:   29:		if(x[i] <= y[j])
branch  0 taken 66 (fallthrough)
branch  1 taken 61
       66:   30:			a[k] = x[i++];
unconditional  0 taken 66
        -:   31:		else
       61:   32:			a[k] = y[j++];
unconditional  0 taken 61
        -:   33:
      127:   34:		k += 1;
unconditional  0 taken 127
        -:   35:	}
        -:   36:	
       45:   37:	while(i < i1)
unconditional  0 taken 31
branch  1 taken 14
branch  2 taken 31 (fallthrough)
        -:   38:	{
       14:   39:		a[k] = x[i];
       14:   40:		i++;
       14:   41:		k++;
unconditional  0 taken 14
        -:   42:	}
        -:   43:	
       50:   44:	while(j < i2)
unconditional  0 taken 31
branch  1 taken 19
branch  2 taken 31 (fallthrough)
        -:   45:	{
       19:   46:		a[k] = y[j];
       19:   47:		j++;
       19:   48:		k++;
unconditional  0 taken 19
        -:   49:	}
       31:   50:}
        -:   51:
function mergesort_0 called 63 returned 100% blocks executed 100%
       63:   52:void mergesort_0(TARGET_INDEX left, TARGET_INDEX right)
        -:   53:{
       63:   54:	if(left < right)
branch  0 taken 31 (fallthrough)
branch  1 taken 32
        -:   55:	{
       31:   56:		TARGET_INDEX middle = left+(right-left)/2;
        -:   57:
       31:   58:		mergesort_0(left, middle);
call    0 returned 31
       31:   59:		mergesort_0(middle+1, right);
call    0 returned 31
        -:   60:
       31:   61:		merge(left, right, middle);
call    0 returned 31
unconditional  1 taken 31
        -:   62:	}
       63:   63:}
        -:   64:
function mergesort called 1 returned 100% blocks executed 100%
        1:   65:void mergesort()
        -:   66:{
        1:   67:	mergesort_0(0, size-1);
call    0 returned 1
        1:   68:}
        -:   69:
function main called 1 returned 100% blocks executed 100%
        1:   70:void main()
        -:   71:{
        1:   72:	mergesort();
call    0 returned 1
        1:   73:}
