        -:    0:Source:/home/federico/Scrivania/SLIDE-x-Repository/SLIDE-x/SLIDE-x-BENCH/KERNEL/mergesort/frst.c
        -:    0:Graph:frst.gcno
        -:    0:Data:frst.gcda
        -:    0:Runs:1
        -:    1:#include <stdint.h>
        -:    2:#include <values.h>
        -:    3:
        -:    4:typedef uint8_t TARGET_INDEX;
        -:    5:typedef double TARGET_TYPE;
        -:    6:
function merge called 10 returned 100% blocks executed 100%
       10:    7:void merge(TARGET_INDEX left, TARGET_INDEX right, TARGET_INDEX middle)
        -:    8:{
        -:    9:	// Indexes
       10:   10:	TARGET_INDEX i, j, k = 0;
       10:   11:	TARGET_INDEX i1 = middle - left + 1;
       10:   12:	TARGET_INDEX i2 = right - middle;
        -:   13:
        -:   14:	// Temporary Arrays
       10:   15:	TARGET_TYPE x[size], y[size] = {0};
        -:   16:
        -:   17:	// Copy elements in the temporary arrays x, y
       32:   18:	for(i = 0; i < i1; i++)
unconditional  0 taken 10
branch  1 taken 22
branch  2 taken 10 (fallthrough)
       22:   19:		x[i] = a[left + i];
unconditional  0 taken 22
        -:   20:
       27:   21:	for(i = 0; i < i2; i++)
unconditional  0 taken 10
branch  1 taken 17
branch  2 taken 10 (fallthrough)
       17:   22:		y[i] = a[middle + 1 + i];
unconditional  0 taken 17
        -:   23:	
       10:   24:	i = 0;
       10:   25:	j = 0;
       10:   26:	k = left;
       37:   27:	while(i < i1 && j < i2)
unconditional  0 taken 10
branch  1 taken 32 (fallthrough)
branch  2 taken 5
branch  3 taken 27
branch  4 taken 5 (fallthrough)
        -:   28:	{		
       27:   29:		if(x[i] <= y[j])
branch  0 taken 16 (fallthrough)
branch  1 taken 11
       16:   30:			a[k] = x[i++];
unconditional  0 taken 16
        -:   31:		else
       11:   32:			a[k] = y[j++];
unconditional  0 taken 11
        -:   33:
       27:   34:		k += 1;
unconditional  0 taken 27
        -:   35:	}
        -:   36:	
       16:   37:	while(i < i1)
unconditional  0 taken 10
branch  1 taken 6
branch  2 taken 10 (fallthrough)
        -:   38:	{
        6:   39:		a[k] = x[i];
        6:   40:		i++;
        6:   41:		k++;
unconditional  0 taken 6
        -:   42:	}
        -:   43:	
       16:   44:	while(j < i2)
unconditional  0 taken 10
branch  1 taken 6
branch  2 taken 10 (fallthrough)
        -:   45:	{
        6:   46:		a[k] = y[j];
        6:   47:		j++;
        6:   48:		k++;
unconditional  0 taken 6
        -:   49:	}
       10:   50:}
        -:   51:
function mergesort_0 called 21 returned 100% blocks executed 100%
       21:   52:void mergesort_0(TARGET_INDEX left, TARGET_INDEX right)
        -:   53:{
       21:   54:	if(left < right)
branch  0 taken 10 (fallthrough)
branch  1 taken 11
        -:   55:	{
       10:   56:		TARGET_INDEX middle = left+(right-left)/2;
        -:   57:
       10:   58:		mergesort_0(left, middle);
call    0 returned 10
       10:   59:		mergesort_0(middle+1, right);
call    0 returned 10
        -:   60:
       10:   61:		merge(left, right, middle);
call    0 returned 10
unconditional  1 taken 10
        -:   62:	}
       21:   63:}
        -:   64:
function mergesort called 1 returned 100% blocks executed 100%
        1:   65:void mergesort()
        -:   66:{
        1:   67:	mergesort_0(0, size-1);
call    0 returned 1
        1:   68:}
        -:   69:
function main called 1 returned 100% blocks executed 100%
        1:   70:void main()
        -:   71:{
        1:   72:	mergesort();
call    0 returned 1
        1:   73:}
