        -:    0:Source:/home/federico/Scrivania/SLIDE-x-Repository/SLIDE-x/SLIDE-x-BENCH/KERNEL/mergesort/frst.c
        -:    0:Graph:frst.gcno
        -:    0:Data:frst.gcda
        -:    0:Runs:1
        -:    1:#include <stdint.h>
        -:    2:#include <values.h>
        -:    3:
        -:    4:typedef uint8_t TARGET_INDEX;
        -:    5:typedef double TARGET_TYPE;
        -:    6:
function merge called 9 returned 100% blocks executed 100%
        9:    7:void merge(TARGET_INDEX left, TARGET_INDEX right, TARGET_INDEX middle)
        -:    8:{
        -:    9:	// Indexes
        9:   10:	TARGET_INDEX i, j, k = 0;
        9:   11:	TARGET_INDEX i1 = middle - left + 1;
        9:   12:	TARGET_INDEX i2 = right - middle;
        -:   13:
        -:   14:	// Temporary Arrays
        9:   15:	TARGET_TYPE x[size], y[size] = {0};
        -:   16:
        -:   17:	// Copy elements in the temporary arrays x, y
       28:   18:	for(i = 0; i < i1; i++)
unconditional  0 taken 9
branch  1 taken 19
branch  2 taken 9 (fallthrough)
       19:   19:		x[i] = a[left + i];
unconditional  0 taken 19
        -:   20:
       24:   21:	for(i = 0; i < i2; i++)
unconditional  0 taken 9
branch  1 taken 15
branch  2 taken 9 (fallthrough)
       15:   22:		y[i] = a[middle + 1 + i];
unconditional  0 taken 15
        -:   23:	
        9:   24:	i = 0;
        9:   25:	j = 0;
        9:   26:	k = left;
       30:   27:	while(i < i1 && j < i2)
unconditional  0 taken 9
branch  1 taken 26 (fallthrough)
branch  2 taken 4
branch  3 taken 21
branch  4 taken 5 (fallthrough)
        -:   28:	{		
       21:   29:		if(x[i] <= y[j])
branch  0 taken 10 (fallthrough)
branch  1 taken 11
       10:   30:			a[k] = x[i++];
unconditional  0 taken 10
        -:   31:		else
       11:   32:			a[k] = y[j++];
unconditional  0 taken 11
        -:   33:
       21:   34:		k += 1;
unconditional  0 taken 21
        -:   35:	}
        -:   36:	
       18:   37:	while(i < i1)
unconditional  0 taken 9
branch  1 taken 9
branch  2 taken 9 (fallthrough)
        -:   38:	{
        9:   39:		a[k] = x[i];
        9:   40:		i++;
        9:   41:		k++;
unconditional  0 taken 9
        -:   42:	}
        -:   43:	
       13:   44:	while(j < i2)
unconditional  0 taken 9
branch  1 taken 4
branch  2 taken 9 (fallthrough)
        -:   45:	{
        4:   46:		a[k] = y[j];
        4:   47:		j++;
        4:   48:		k++;
unconditional  0 taken 4
        -:   49:	}
        9:   50:}
        -:   51:
function mergesort_0 called 19 returned 100% blocks executed 100%
       19:   52:void mergesort_0(TARGET_INDEX left, TARGET_INDEX right)
        -:   53:{
       19:   54:	if(left < right)
branch  0 taken 9 (fallthrough)
branch  1 taken 10
        -:   55:	{
        9:   56:		TARGET_INDEX middle = left+(right-left)/2;
        -:   57:
        9:   58:		mergesort_0(left, middle);
call    0 returned 9
        9:   59:		mergesort_0(middle+1, right);
call    0 returned 9
        -:   60:
        9:   61:		merge(left, right, middle);
call    0 returned 9
unconditional  1 taken 9
        -:   62:	}
       19:   63:}
        -:   64:
function mergesort called 1 returned 100% blocks executed 100%
        1:   65:void mergesort()
        -:   66:{
        1:   67:	mergesort_0(0, size-1);
call    0 returned 1
        1:   68:}
        -:   69:
function main called 1 returned 100% blocks executed 100%
        1:   70:void main()
        -:   71:{
        1:   72:	mergesort();
call    0 returned 1
        1:   73:}
