        -:    0:Source:/home/federico/Scrivania/SLIDE-x-Repository/SLIDE-x/SLIDE-x-BENCH/KERNEL/selectionsort/frst.c
        -:    0:Graph:frst.gcno
        -:    0:Data:frst.gcda
        -:    0:Runs:1
        -:    1:#include <stdint.h>
        -:    2:#include <values.h>
        -:    3:
        -:    4:typedef double TARGET_TYPE;
        -:    5:typedef uint8_t TARGET_INDEX;
        -:    6:
function selectionsort called 1 returned 100% blocks executed 100%
        1:    7:void selectionsort()
        -:    8:{
        1:    9:  TARGET_INDEX i, j, min_idx = 0;
        1:   10:  TARGET_TYPE temp = 0;
        -:   11:
       15:   12:  for(i = 0; i < size-1; i++)
unconditional  0 taken 1
branch  1 taken 14
branch  2 taken 1 (fallthrough)
        -:   13:  {
        -:   14:
       14:   15:    min_idx = i;
      119:   16:    for(j = i+1; j < size; j++)
unconditional  0 taken 14
unconditional  1 taken 105
branch  2 taken 105
branch  3 taken 14 (fallthrough)
      105:   17:      if(a[j] < a[min_idx])
branch  0 taken 25 (fallthrough)
branch  1 taken 80
       25:   18:        min_idx = j;
unconditional  0 taken 25
        -:   19:    
        -:   20:      // Swap elements     
       14:   21:      temp = a[min_idx];
       14:   22:      a[min_idx] = a[i];
       14:   23:      a[i] = temp;
unconditional  0 taken 14
        -:   24:    }
        1:   25:}
        -:   26:
function main called 1 returned 100% blocks executed 100%
        1:   27:void main()
        -:   28:{
        1:   29:  selectionsort();
call    0 returned 1
        1:   30:}
