        -:    0:Source:/home/federico/Scrivania/SLIDE-x-Repository/SLIDE-x/SLIDE-x-BENCH/KERNEL/mergesort/frst.c
        -:    0:Graph:frst.gcno
        -:    0:Data:frst.gcda
        -:    0:Runs:1
        -:    1:#include <stdint.h>
        -:    2:#include <values.h>
        -:    3:
        -:    4:typedef uint8_t TARGET_INDEX;
        -:    5:typedef double TARGET_TYPE;
        -:    6:
function merge called 5 returned 100% blocks executed 100%
        5:    7:void merge(TARGET_INDEX left, TARGET_INDEX right, TARGET_INDEX middle)
        -:    8:{
        -:    9:	// Indexes
        5:   10:	TARGET_INDEX i, j, k = 0;
        5:   11:	TARGET_INDEX i1 = middle - left + 1;
        5:   12:	TARGET_INDEX i2 = right - middle;
        -:   13:
        -:   14:	// Temporary Arrays
        5:   15:	TARGET_TYPE x[size], y[size] = {0};
        -:   16:
        -:   17:	// Copy elements in the temporary arrays x, y
       14:   18:	for(i = 0; i < i1; i++)
unconditional  0 taken 5
branch  1 taken 9
branch  2 taken 5 (fallthrough)
        9:   19:		x[i] = a[left + i];
unconditional  0 taken 9
        -:   20:
       12:   21:	for(i = 0; i < i2; i++)
unconditional  0 taken 5
branch  1 taken 7
branch  2 taken 5 (fallthrough)
        7:   22:		y[i] = a[middle + 1 + i];
unconditional  0 taken 7
        -:   23:	
        5:   24:	i = 0;
        5:   25:	j = 0;
        5:   26:	k = left;
       15:   27:	while(i < i1 && j < i2)
unconditional  0 taken 5
branch  1 taken 12 (fallthrough)
branch  2 taken 3
branch  3 taken 10
branch  4 taken 2 (fallthrough)
        -:   28:	{		
       10:   29:		if(x[i] <= y[j])
branch  0 taken 6 (fallthrough)
branch  1 taken 4
        6:   30:			a[k] = x[i++];
unconditional  0 taken 6
        -:   31:		else
        4:   32:			a[k] = y[j++];
unconditional  0 taken 4
        -:   33:
       10:   34:		k += 1;
unconditional  0 taken 10
        -:   35:	}
        -:   36:	
        8:   37:	while(i < i1)
unconditional  0 taken 5
branch  1 taken 3
branch  2 taken 5 (fallthrough)
        -:   38:	{
        3:   39:		a[k] = x[i];
        3:   40:		i++;
        3:   41:		k++;
unconditional  0 taken 3
        -:   42:	}
        -:   43:	
        8:   44:	while(j < i2)
unconditional  0 taken 5
branch  1 taken 3
branch  2 taken 5 (fallthrough)
        -:   45:	{
        3:   46:		a[k] = y[j];
        3:   47:		j++;
        3:   48:		k++;
unconditional  0 taken 3
        -:   49:	}
        5:   50:}
        -:   51:
function mergesort_0 called 11 returned 100% blocks executed 100%
       11:   52:void mergesort_0(TARGET_INDEX left, TARGET_INDEX right)
        -:   53:{
       11:   54:	if(left < right)
branch  0 taken 5 (fallthrough)
branch  1 taken 6
        -:   55:	{
        5:   56:		TARGET_INDEX middle = left+(right-left)/2;
        -:   57:
        5:   58:		mergesort_0(left, middle);
call    0 returned 5
        5:   59:		mergesort_0(middle+1, right);
call    0 returned 5
        -:   60:
        5:   61:		merge(left, right, middle);
call    0 returned 5
unconditional  1 taken 5
        -:   62:	}
       11:   63:}
        -:   64:
function mergesort called 1 returned 100% blocks executed 100%
        1:   65:void mergesort()
        -:   66:{
        1:   67:	mergesort_0(0, size-1);
call    0 returned 1
        1:   68:}
        -:   69:
function main called 1 returned 100% blocks executed 100%
        1:   70:void main()
        -:   71:{
        1:   72:	mergesort();
call    0 returned 1
        1:   73:}
