        -:    0:Source:/home/federico/Scrivania/SLIDE-x-Repository/SLIDE-x/SLIDE-x-BENCH/KERNEL/mergesort/frst.c
        -:    0:Graph:frst.gcno
        -:    0:Data:frst.gcda
        -:    0:Runs:1
        -:    1:#include <stdint.h>
        -:    2:#include <values.h>
        -:    3:
        -:    4:typedef uint8_t TARGET_INDEX;
        -:    5:typedef double TARGET_TYPE;
        -:    6:
function merge called 1 returned 100% blocks executed 90%
        1:    7:void merge(TARGET_INDEX left, TARGET_INDEX right, TARGET_INDEX middle)
        -:    8:{
        -:    9:	// Indexes
        1:   10:	TARGET_INDEX i, j, k = 0;
        1:   11:	TARGET_INDEX i1 = middle - left + 1;
        1:   12:	TARGET_INDEX i2 = right - middle;
        -:   13:
        -:   14:	// Temporary Arrays
        1:   15:	TARGET_TYPE x[size], y[size] = {0};
        -:   16:
        -:   17:	// Copy elements in the temporary arrays x, y
        2:   18:	for(i = 0; i < i1; i++)
unconditional  0 taken 1
branch  1 taken 1
branch  2 taken 1 (fallthrough)
        1:   19:		x[i] = a[left + i];
unconditional  0 taken 1
        -:   20:
        2:   21:	for(i = 0; i < i2; i++)
unconditional  0 taken 1
branch  1 taken 1
branch  2 taken 1 (fallthrough)
        1:   22:		y[i] = a[middle + 1 + i];
unconditional  0 taken 1
        -:   23:	
        1:   24:	i = 0;
        1:   25:	j = 0;
        1:   26:	k = left;
        2:   27:	while(i < i1 && j < i2)
unconditional  0 taken 1
branch  1 taken 1 (fallthrough)
branch  2 taken 1
branch  3 taken 1
branch  4 taken 0 (fallthrough)
        -:   28:	{		
        1:   29:		if(x[i] <= y[j])
branch  0 taken 1 (fallthrough)
branch  1 taken 0
        1:   30:			a[k] = x[i++];
unconditional  0 taken 1
        -:   31:		else
    #####:   32:			a[k] = y[j++];
unconditional  0 never executed
        -:   33:
        1:   34:		k += 1;
unconditional  0 taken 1
        -:   35:	}
        -:   36:	
        1:   37:	while(i < i1)
unconditional  0 taken 1
branch  1 taken 0
branch  2 taken 1 (fallthrough)
        -:   38:	{
    #####:   39:		a[k] = x[i];
    #####:   40:		i++;
    #####:   41:		k++;
unconditional  0 never executed
        -:   42:	}
        -:   43:	
        2:   44:	while(j < i2)
unconditional  0 taken 1
branch  1 taken 1
branch  2 taken 1 (fallthrough)
        -:   45:	{
        1:   46:		a[k] = y[j];
        1:   47:		j++;
        1:   48:		k++;
unconditional  0 taken 1
        -:   49:	}
        1:   50:}
        -:   51:
function mergesort_0 called 3 returned 100% blocks executed 100%
        3:   52:void mergesort_0(TARGET_INDEX left, TARGET_INDEX right)
        -:   53:{
        3:   54:	if(left < right)
branch  0 taken 1 (fallthrough)
branch  1 taken 2
        -:   55:	{
        1:   56:		TARGET_INDEX middle = left+(right-left)/2;
        -:   57:
        1:   58:		mergesort_0(left, middle);
call    0 returned 1
        1:   59:		mergesort_0(middle+1, right);
call    0 returned 1
        -:   60:
        1:   61:		merge(left, right, middle);
call    0 returned 1
unconditional  1 taken 1
        -:   62:	}
        3:   63:}
        -:   64:
function mergesort called 1 returned 100% blocks executed 100%
        1:   65:void mergesort()
        -:   66:{
        1:   67:	mergesort_0(0, size-1);
call    0 returned 1
        1:   68:}
        -:   69:
function main called 1 returned 100% blocks executed 100%
        1:   70:void main()
        -:   71:{
        1:   72:	mergesort();
call    0 returned 1
        1:   73:}
