        -:    0:Source:/home/federico/Scrivania/SLIDE-x-Repository/SLIDE-x/SLIDE-x-BENCH/KERNEL/mergesort/frst.c
        -:    0:Graph:frst.gcno
        -:    0:Data:frst.gcda
        -:    0:Runs:1
        -:    1:#include <stdint.h>
        -:    2:#include <values.h>
        -:    3:
        -:    4:typedef uint8_t TARGET_INDEX;
        -:    5:typedef double TARGET_TYPE;
        -:    6:
function merge called 17 returned 100% blocks executed 100%
       17:    7:void merge(TARGET_INDEX left, TARGET_INDEX right, TARGET_INDEX middle)
        -:    8:{
        -:    9:	// Indexes
       17:   10:	TARGET_INDEX i, j, k = 0;
       17:   11:	TARGET_INDEX i1 = middle - left + 1;
       17:   12:	TARGET_INDEX i2 = right - middle;
        -:   13:
        -:   14:	// Temporary Arrays
       17:   15:	TARGET_TYPE x[size], y[size] = {0};
        -:   16:
        -:   17:	// Copy elements in the temporary arrays x, y
       58:   18:	for(i = 0; i < i1; i++)
unconditional  0 taken 17
branch  1 taken 41
branch  2 taken 17 (fallthrough)
       41:   19:		x[i] = a[left + i];
unconditional  0 taken 41
        -:   20:
       52:   21:	for(i = 0; i < i2; i++)
unconditional  0 taken 17
branch  1 taken 35
branch  2 taken 17 (fallthrough)
       35:   22:		y[i] = a[middle + 1 + i];
unconditional  0 taken 35
        -:   23:	
       17:   24:	i = 0;
       17:   25:	j = 0;
       17:   26:	k = left;
       74:   27:	while(i < i1 && j < i2)
unconditional  0 taken 17
branch  1 taken 67 (fallthrough)
branch  2 taken 7
branch  3 taken 57
branch  4 taken 10 (fallthrough)
        -:   28:	{		
       57:   29:		if(x[i] <= y[j])
branch  0 taken 29 (fallthrough)
branch  1 taken 28
       29:   30:			a[k] = x[i++];
unconditional  0 taken 29
        -:   31:		else
       28:   32:			a[k] = y[j++];
unconditional  0 taken 28
        -:   33:
       57:   34:		k += 1;
unconditional  0 taken 57
        -:   35:	}
        -:   36:	
       29:   37:	while(i < i1)
unconditional  0 taken 17
branch  1 taken 12
branch  2 taken 17 (fallthrough)
        -:   38:	{
       12:   39:		a[k] = x[i];
       12:   40:		i++;
       12:   41:		k++;
unconditional  0 taken 12
        -:   42:	}
        -:   43:	
       24:   44:	while(j < i2)
unconditional  0 taken 17
branch  1 taken 7
branch  2 taken 17 (fallthrough)
        -:   45:	{
        7:   46:		a[k] = y[j];
        7:   47:		j++;
        7:   48:		k++;
unconditional  0 taken 7
        -:   49:	}
       17:   50:}
        -:   51:
function mergesort_0 called 35 returned 100% blocks executed 100%
       35:   52:void mergesort_0(TARGET_INDEX left, TARGET_INDEX right)
        -:   53:{
       35:   54:	if(left < right)
branch  0 taken 17 (fallthrough)
branch  1 taken 18
        -:   55:	{
       17:   56:		TARGET_INDEX middle = left+(right-left)/2;
        -:   57:
       17:   58:		mergesort_0(left, middle);
call    0 returned 17
       17:   59:		mergesort_0(middle+1, right);
call    0 returned 17
        -:   60:
       17:   61:		merge(left, right, middle);
call    0 returned 17
unconditional  1 taken 17
        -:   62:	}
       35:   63:}
        -:   64:
function mergesort called 1 returned 100% blocks executed 100%
        1:   65:void mergesort()
        -:   66:{
        1:   67:	mergesort_0(0, size-1);
call    0 returned 1
        1:   68:}
        -:   69:
function main called 1 returned 100% blocks executed 100%
        1:   70:void main()
        -:   71:{
        1:   72:	mergesort();
call    0 returned 1
        1:   73:}
