        -:    0:Source:/home/federico/Scrivania/SLIDE-x-Repository/SLIDE-x/SLIDE-x-BENCH/KERNEL/floydwarshall/frst.c
        -:    0:Graph:frst.gcno
        -:    0:Data:frst.gcda
        -:    0:Runs:1
        -:    1:#include <stdint.h>
        -:    2:#include <values.h>
        -:    3:
        -:    4:typedef double TARGET_TYPE;
        -:    5:typedef uint8_t TARGET_INDEX;
        -:    6:
        -:    7:  TARGET_INDEX i;
        -:    8:  TARGET_INDEX j;
        -:    9:  TARGET_INDEX h;
        -:   10:  
        -:   11:/*
        -:   12: * The graph is rapresented with an adjacency map that contains the 
        -:   13: * costs of edges between nodes 
        -:   14: */
        -:   15:
function floydwarshall called 1 returned 100% blocks executed 100%
        1:   16:void floydwarshall()
        -:   17:{
        -:   18:  /* 
        -:   19:   * The algorithm checks each path between nodes i and j that going through h node
        -:   20:   * if a minimum cost path is found updates the entry in b table
        -:   21:   */
        -:   22:
        1:   23:  for(h = 0;
unconditional  0 taken 1
       16:   24:    h < size;
branch  0 taken 15
branch  1 taken 1 (fallthrough)
       15:   25:    h++)
unconditional  0 taken 15
        -:   26:  {
       15:   27:    for(i = 0;
unconditional  0 taken 15
      240:   28:      i < size;
branch  0 taken 225
branch  1 taken 15 (fallthrough)
      225:   29:      i++)
unconditional  0 taken 225
        -:   30:    {
      225:   31:      for(j = 0;
unconditional  0 taken 225
     3600:   32:        j < size;
branch  0 taken 3375
branch  1 taken 225 (fallthrough)
     3375:   33:        j++)
unconditional  0 taken 3375
        -:   34:      {
     3375:   35:        if(a[i][h] + a[h][j] < a[i][j])
branch  0 taken 3375 (fallthrough)
branch  1 taken 0
     3375:   36:          a[i][j] = a[i][h] + a[h][j];
unconditional  0 taken 3375
        -:   37:      }
        -:   38:    }
        -:   39:  }
        -:   40:
        1:   41:}
        -:   42:
function main called 1 returned 100% blocks executed 100%
        1:   43:void main()
        -:   44:{
        1:   45:  floydwarshall();
call    0 returned 1
        1:   46:}
