        -:    0:Source:/home/federico/Scrivania/SLIDE-x-Repository/SLIDE-x/SLIDE-x-BENCH/KERNEL/mergesort/frst.c
        -:    0:Graph:frst.gcno
        -:    0:Data:frst.gcda
        -:    0:Runs:1
        -:    1:#include <stdint.h>
        -:    2:#include <values.h>
        -:    3:
        -:    4:typedef uint8_t TARGET_INDEX;
        -:    5:typedef double TARGET_TYPE;
        -:    6:
function merge called 28 returned 100% blocks executed 100%
       28:    7:void merge(TARGET_INDEX left, TARGET_INDEX right, TARGET_INDEX middle)
        -:    8:{
        -:    9:	// Indexes
       28:   10:	TARGET_INDEX i, j, k = 0;
       28:   11:	TARGET_INDEX i1 = middle - left + 1;
       28:   12:	TARGET_INDEX i2 = right - middle;
        -:   13:
        -:   14:	// Temporary Arrays
       28:   15:	TARGET_TYPE x[size], y[size] = {0};
        -:   16:
        -:   17:	// Copy elements in the temporary arrays x, y
      103:   18:	for(i = 0; i < i1; i++)
unconditional  0 taken 28
branch  1 taken 75
branch  2 taken 28 (fallthrough)
       75:   19:		x[i] = a[left + i];
unconditional  0 taken 75
        -:   20:
       95:   21:	for(i = 0; i < i2; i++)
unconditional  0 taken 28
branch  1 taken 67
branch  2 taken 28 (fallthrough)
       67:   22:		y[i] = a[middle + 1 + i];
unconditional  0 taken 67
        -:   23:	
       28:   24:	i = 0;
       28:   25:	j = 0;
       28:   26:	k = left;
      132:   27:	while(i < i1 && j < i2)
unconditional  0 taken 28
branch  1 taken 120 (fallthrough)
branch  2 taken 12
branch  3 taken 104
branch  4 taken 16 (fallthrough)
        -:   28:	{		
      104:   29:		if(x[i] <= y[j])
branch  0 taken 55 (fallthrough)
branch  1 taken 49
       55:   30:			a[k] = x[i++];
unconditional  0 taken 55
        -:   31:		else
       49:   32:			a[k] = y[j++];
unconditional  0 taken 49
        -:   33:
      104:   34:		k += 1;
unconditional  0 taken 104
        -:   35:	}
        -:   36:	
       48:   37:	while(i < i1)
unconditional  0 taken 28
branch  1 taken 20
branch  2 taken 28 (fallthrough)
        -:   38:	{
       20:   39:		a[k] = x[i];
       20:   40:		i++;
       20:   41:		k++;
unconditional  0 taken 20
        -:   42:	}
        -:   43:	
       46:   44:	while(j < i2)
unconditional  0 taken 28
branch  1 taken 18
branch  2 taken 28 (fallthrough)
        -:   45:	{
       18:   46:		a[k] = y[j];
       18:   47:		j++;
       18:   48:		k++;
unconditional  0 taken 18
        -:   49:	}
       28:   50:}
        -:   51:
function mergesort_0 called 57 returned 100% blocks executed 100%
       57:   52:void mergesort_0(TARGET_INDEX left, TARGET_INDEX right)
        -:   53:{
       57:   54:	if(left < right)
branch  0 taken 28 (fallthrough)
branch  1 taken 29
        -:   55:	{
       28:   56:		TARGET_INDEX middle = left+(right-left)/2;
        -:   57:
       28:   58:		mergesort_0(left, middle);
call    0 returned 28
       28:   59:		mergesort_0(middle+1, right);
call    0 returned 28
        -:   60:
       28:   61:		merge(left, right, middle);
call    0 returned 28
unconditional  1 taken 28
        -:   62:	}
       57:   63:}
        -:   64:
function mergesort called 1 returned 100% blocks executed 100%
        1:   65:void mergesort()
        -:   66:{
        1:   67:	mergesort_0(0, size-1);
call    0 returned 1
        1:   68:}
        -:   69:
function main called 1 returned 100% blocks executed 100%
        1:   70:void main()
        -:   71:{
        1:   72:	mergesort();
call    0 returned 1
        1:   73:}
