        -:    0:Source:/home/federico/Scrivania/SLIDE-x-Repository/SLIDE-x/SLIDE-x-BENCH/KERNEL/mergesort/frst.c
        -:    0:Graph:frst.gcno
        -:    0:Data:frst.gcda
        -:    0:Runs:1
        -:    1:#include <stdint.h>
        -:    2:#include <values.h>
        -:    3:
        -:    4:typedef uint8_t TARGET_INDEX;
        -:    5:typedef double TARGET_TYPE;
        -:    6:
function merge called 6 returned 100% blocks executed 100%
        6:    7:void merge(TARGET_INDEX left, TARGET_INDEX right, TARGET_INDEX middle)
        -:    8:{
        -:    9:	// Indexes
        6:   10:	TARGET_INDEX i, j, k = 0;
        6:   11:	TARGET_INDEX i1 = middle - left + 1;
        6:   12:	TARGET_INDEX i2 = right - middle;
        -:   13:
        -:   14:	// Temporary Arrays
        6:   15:	TARGET_TYPE x[size], y[size] = {0};
        -:   16:
        -:   17:	// Copy elements in the temporary arrays x, y
       17:   18:	for(i = 0; i < i1; i++)
unconditional  0 taken 6
branch  1 taken 11
branch  2 taken 6 (fallthrough)
       11:   19:		x[i] = a[left + i];
unconditional  0 taken 11
        -:   20:
       15:   21:	for(i = 0; i < i2; i++)
unconditional  0 taken 6
branch  1 taken 9
branch  2 taken 6 (fallthrough)
        9:   22:		y[i] = a[middle + 1 + i];
unconditional  0 taken 9
        -:   23:	
        6:   24:	i = 0;
        6:   25:	j = 0;
        6:   26:	k = left;
       19:   27:	while(i < i1 && j < i2)
unconditional  0 taken 6
branch  1 taken 17 (fallthrough)
branch  2 taken 2
branch  3 taken 13
branch  4 taken 4 (fallthrough)
        -:   28:	{		
       13:   29:		if(x[i] <= y[j])
branch  0 taken 6 (fallthrough)
branch  1 taken 7
        6:   30:			a[k] = x[i++];
unconditional  0 taken 6
        -:   31:		else
        7:   32:			a[k] = y[j++];
unconditional  0 taken 7
        -:   33:
       13:   34:		k += 1;
unconditional  0 taken 13
        -:   35:	}
        -:   36:	
       11:   37:	while(i < i1)
unconditional  0 taken 6
branch  1 taken 5
branch  2 taken 6 (fallthrough)
        -:   38:	{
        5:   39:		a[k] = x[i];
        5:   40:		i++;
        5:   41:		k++;
unconditional  0 taken 5
        -:   42:	}
        -:   43:	
        8:   44:	while(j < i2)
unconditional  0 taken 6
branch  1 taken 2
branch  2 taken 6 (fallthrough)
        -:   45:	{
        2:   46:		a[k] = y[j];
        2:   47:		j++;
        2:   48:		k++;
unconditional  0 taken 2
        -:   49:	}
        6:   50:}
        -:   51:
function mergesort_0 called 13 returned 100% blocks executed 100%
       13:   52:void mergesort_0(TARGET_INDEX left, TARGET_INDEX right)
        -:   53:{
       13:   54:	if(left < right)
branch  0 taken 6 (fallthrough)
branch  1 taken 7
        -:   55:	{
        6:   56:		TARGET_INDEX middle = left+(right-left)/2;
        -:   57:
        6:   58:		mergesort_0(left, middle);
call    0 returned 6
        6:   59:		mergesort_0(middle+1, right);
call    0 returned 6
        -:   60:
        6:   61:		merge(left, right, middle);
call    0 returned 6
unconditional  1 taken 6
        -:   62:	}
       13:   63:}
        -:   64:
function mergesort called 1 returned 100% blocks executed 100%
        1:   65:void mergesort()
        -:   66:{
        1:   67:	mergesort_0(0, size-1);
call    0 returned 1
        1:   68:}
        -:   69:
function main called 1 returned 100% blocks executed 100%
        1:   70:void main()
        -:   71:{
        1:   72:	mergesort();
call    0 returned 1
        1:   73:}
