        -:    0:Source:/home/federico/Scrivania/SLIDE-x-Repository/SLIDE-x/SLIDE-x-BENCH/KERNEL/selectionsort/frst.c
        -:    0:Graph:frst.gcno
        -:    0:Data:frst.gcda
        -:    0:Runs:1
        -:    1:#include <stdint.h>
        -:    2:#include <values.h>
        -:    3:
        -:    4:typedef double TARGET_TYPE;
        -:    5:typedef uint8_t TARGET_INDEX;
        -:    6:
function selectionsort called 1 returned 100% blocks executed 100%
        1:    7:void selectionsort()
        -:    8:{
        1:    9:  TARGET_INDEX i, j, min_idx = 0;
        1:   10:  TARGET_TYPE temp = 0;
        -:   11:
       10:   12:  for(i = 0; i < size-1; i++)
unconditional  0 taken 1
branch  1 taken 9
branch  2 taken 1 (fallthrough)
        -:   13:  {
        -:   14:
        9:   15:    min_idx = i;
       54:   16:    for(j = i+1; j < size; j++)
unconditional  0 taken 9
unconditional  1 taken 45
branch  2 taken 45
branch  3 taken 9 (fallthrough)
       45:   17:      if(a[j] < a[min_idx])
branch  0 taken 13 (fallthrough)
branch  1 taken 32
       13:   18:        min_idx = j;
unconditional  0 taken 13
        -:   19:    
        -:   20:      // Swap elements     
        9:   21:      temp = a[min_idx];
        9:   22:      a[min_idx] = a[i];
        9:   23:      a[i] = temp;
unconditional  0 taken 9
        -:   24:    }
        1:   25:}
        -:   26:
function main called 1 returned 100% blocks executed 100%
        1:   27:void main()
        -:   28:{
        1:   29:  selectionsort();
call    0 returned 1
        1:   30:}
