        -:    0:Source:/home/federico/Scrivania/SLIDE-x-Repository/SLIDE-x/SLIDE-x-BENCH/KERNEL/mergesort/frst.c
        -:    0:Graph:frst.gcno
        -:    0:Data:frst.gcda
        -:    0:Runs:1
        -:    1:#include <stdint.h>
        -:    2:#include <values.h>
        -:    3:
        -:    4:typedef uint8_t TARGET_INDEX;
        -:    5:typedef double TARGET_TYPE;
        -:    6:
function merge called 14 returned 100% blocks executed 100%
       14:    7:void merge(TARGET_INDEX left, TARGET_INDEX right, TARGET_INDEX middle)
        -:    8:{
        -:    9:	// Indexes
       14:   10:	TARGET_INDEX i, j, k = 0;
       14:   11:	TARGET_INDEX i1 = middle - left + 1;
       14:   12:	TARGET_INDEX i2 = right - middle;
        -:   13:
        -:   14:	// Temporary Arrays
       14:   15:	TARGET_TYPE x[size], y[size] = {0};
        -:   16:
        -:   17:	// Copy elements in the temporary arrays x, y
       45:   18:	for(i = 0; i < i1; i++)
unconditional  0 taken 14
branch  1 taken 31
branch  2 taken 14 (fallthrough)
       31:   19:		x[i] = a[left + i];
unconditional  0 taken 31
        -:   20:
       42:   21:	for(i = 0; i < i2; i++)
unconditional  0 taken 14
branch  1 taken 28
branch  2 taken 14 (fallthrough)
       28:   22:		y[i] = a[middle + 1 + i];
unconditional  0 taken 28
        -:   23:	
       14:   24:	i = 0;
       14:   25:	j = 0;
       14:   26:	k = left;
       56:   27:	while(i < i1 && j < i2)
unconditional  0 taken 14
branch  1 taken 50 (fallthrough)
branch  2 taken 6
branch  3 taken 42
branch  4 taken 8 (fallthrough)
        -:   28:	{		
       42:   29:		if(x[i] <= y[j])
branch  0 taken 20 (fallthrough)
branch  1 taken 22
       20:   30:			a[k] = x[i++];
unconditional  0 taken 20
        -:   31:		else
       22:   32:			a[k] = y[j++];
unconditional  0 taken 22
        -:   33:
       42:   34:		k += 1;
unconditional  0 taken 42
        -:   35:	}
        -:   36:	
       25:   37:	while(i < i1)
unconditional  0 taken 14
branch  1 taken 11
branch  2 taken 14 (fallthrough)
        -:   38:	{
       11:   39:		a[k] = x[i];
       11:   40:		i++;
       11:   41:		k++;
unconditional  0 taken 11
        -:   42:	}
        -:   43:	
       20:   44:	while(j < i2)
unconditional  0 taken 14
branch  1 taken 6
branch  2 taken 14 (fallthrough)
        -:   45:	{
        6:   46:		a[k] = y[j];
        6:   47:		j++;
        6:   48:		k++;
unconditional  0 taken 6
        -:   49:	}
       14:   50:}
        -:   51:
function mergesort_0 called 29 returned 100% blocks executed 100%
       29:   52:void mergesort_0(TARGET_INDEX left, TARGET_INDEX right)
        -:   53:{
       29:   54:	if(left < right)
branch  0 taken 14 (fallthrough)
branch  1 taken 15
        -:   55:	{
       14:   56:		TARGET_INDEX middle = left+(right-left)/2;
        -:   57:
       14:   58:		mergesort_0(left, middle);
call    0 returned 14
       14:   59:		mergesort_0(middle+1, right);
call    0 returned 14
        -:   60:
       14:   61:		merge(left, right, middle);
call    0 returned 14
unconditional  1 taken 14
        -:   62:	}
       29:   63:}
        -:   64:
function mergesort called 1 returned 100% blocks executed 100%
        1:   65:void mergesort()
        -:   66:{
        1:   67:	mergesort_0(0, size-1);
call    0 returned 1
        1:   68:}
        -:   69:
function main called 1 returned 100% blocks executed 100%
        1:   70:void main()
        -:   71:{
        1:   72:	mergesort();
call    0 returned 1
        1:   73:}
